<?xml version="1.0" encoding="UTF-8"?>
<testng-results ignored="0" total="1" passed="1" failed="0" skipped="0">
  <reporter-output>
  </reporter-output>
  <suite started-at="2023-03-19T11:56:52 BDT" name="Surefire suite" finished-at="2023-03-19T11:57:10 BDT" duration-ms="17481">
    <groups>
    </groups>
    <test started-at="2023-03-19T11:56:52 BDT" name="Surefire test" finished-at="2023-03-19T11:57:10 BDT" duration-ms="17481">
      <class name="testcases.DarazHelpCenterTest">
        <test-method is-config="true" signature="setBrowser()[pri:0, instance:testcases.DarazHelpCenterTest@f2ff811]" started-at="2023-03-19T11:56:52 BDT" name="setBrowser" finished-at="2023-03-19T11:56:57 BDT" duration-ms="4772" status="PASS">
          <reporter-output>
          </reporter-output>
        </test-method> <!-- setBrowser -->
        <test-method signature="TestHelpCenterPageTitle()[pri:0, instance:testcases.DarazHelpCenterTest@f2ff811]" started-at="2023-03-19T11:56:57 BDT" name="TestHelpCenterPageTitle" finished-at="2023-03-19T11:57:08 BDT" duration-ms="11318" status="PASS">
          <reporter-output>
          </reporter-output>
        </test-method> <!-- TestHelpCenterPageTitle -->
        <test-method is-config="true" signature="quiteBrowser()[pri:0, instance:testcases.DarazHelpCenterTest@f2ff811]" started-at="2023-03-19T11:57:08 BDT" name="quiteBrowser" finished-at="2023-03-19T11:57:10 BDT" duration-ms="1356" status="PASS">
          <reporter-output>
          </reporter-output>
        </test-method> <!-- quiteBrowser -->
      </class> <!-- testcases.DarazHelpCenterTest -->
    </test> <!-- Surefire test -->
  </suite> <!-- Surefire suite -->
</testng-results>
