<?xml version="1.0" encoding="UTF-8"?>
<testng-results ignored="0" total="1" passed="1" failed="0" skipped="0">
  <reporter-output>
  </reporter-output>
  <suite started-at="2023-03-22T13:50:41 BDT" name="Default suite" finished-at="2023-03-22T13:51:46 BDT" duration-ms="65255">
    <groups>
    </groups>
    <test started-at="2023-03-22T13:50:41 BDT" name="Default test" finished-at="2023-03-22T13:51:46 BDT" duration-ms="65255">
      <class name="testcases.DarazHomepageTest">
        <test-method is-config="true" signature="setBrowser()[pri:0, instance:testcases.DarazHomepageTest@7164ca4c]" started-at="2023-03-22T13:50:41 BDT" name="setBrowser" finished-at="2023-03-22T13:50:46 BDT" duration-ms="5210" status="PASS">
          <reporter-output>
          </reporter-output>
        </test-method> <!-- setBrowser -->
        <test-method signature="scrollTestOnHomepage()[pri:0, instance:testcases.DarazHomepageTest@7164ca4c]" started-at="2023-03-22T13:50:46 BDT" name="scrollTestOnHomepage" finished-at="2023-03-22T13:51:44 BDT" duration-ms="58014" status="PASS">
          <reporter-output>
          </reporter-output>
        </test-method> <!-- scrollTestOnHomepage -->
        <test-method is-config="true" signature="quiteBrowser()[pri:0, instance:testcases.DarazHomepageTest@7164ca4c]" started-at="2023-03-22T13:51:44 BDT" name="quiteBrowser" finished-at="2023-03-22T13:51:46 BDT" duration-ms="1839" status="PASS">
          <reporter-output>
          </reporter-output>
        </test-method> <!-- quiteBrowser -->
      </class> <!-- testcases.DarazHomepageTest -->
    </test> <!-- Default test -->
  </suite> <!-- Default suite -->
</testng-results>
